<?xml version="1.0" encoding="UTF-8"?>
<testsuite xmlns:xsi="http://www.w3.org/2001/XMLSchema-instance" xsi:noNamespaceSchemaLocation="https://maven.apache.org/surefire/maven-surefire-plugin/xsd/surefire-test-report.xsd" name="org.example.CalcTest" time="0.025" tests="2" errors="0" skipped="0" failures="1">
  <properties>
    <property name="java.specification.version" value="21"/>
    <property name="sun.cpu.isalist" value="amd64"/>
    <property name="sun.jnu.encoding" value="GBK"/>
    <property name="java.class.path" value="C:\Users\Frederick\OneDrive\Work\N1\159.251\Tutorial 4\tutorial4\target\test-classes;C:\Users\Frederick\OneDrive\Work\N1\159.251\Tutorial 4\tutorial4\target\classes;C:\Users\Frederick\.m2\repository\org\junit\jupiter\junit-jupiter-engine\5.4.0\junit-jupiter-engine-5.4.0.jar;C:\Users\Frederick\.m2\repository\org\apiguardian\apiguardian-api\1.0.0\apiguardian-api-1.0.0.jar;C:\Users\Frederick\.m2\repository\org\junit\platform\junit-platform-engine\1.4.0\junit-platform-engine-1.4.0.jar;C:\Users\Frederick\.m2\repository\org\opentest4j\opentest4j\1.1.1\opentest4j-1.1.1.jar;C:\Users\Frederick\.m2\repository\org\junit\platform\junit-platform-commons\1.4.0\junit-platform-commons-1.4.0.jar;C:\Users\Frederick\.m2\repository\org\junit\jupiter\junit-jupiter-api\5.4.0\junit-jupiter-api-5.4.0.jar;C:\Users\Frederick\.m2\repository\org\junit\jupiter\junit-jupiter\6.0.0-M2\junit-jupiter-6.0.0-M2.jar;C:\Users\Frederick\.m2\repository\org\junit\jupiter\junit-jupiter-params\6.0.0-M2\junit-jupiter-params-6.0.0-M2.jar;C:\Users\Frederick\.m2\repository\org\jspecify\jspecify\1.0.0\jspecify-1.0.0.jar;"/>
    <property name="java.vm.vendor" value="Microsoft"/>
    <property name="sun.arch.data.model" value="64"/>
    <property name="user.variant" value=""/>
    <property name="java.vendor.url" value="https://www.microsoft.com"/>
    <property name="user.timezone" value="Asia/Hong_Kong"/>
    <property name="os.name" value="Windows 11"/>
    <property name="java.vm.specification.version" value="21"/>
    <property name="sun.java.launcher" value="SUN_STANDARD"/>
    <property name="user.country" value="CN"/>
    <property name="sun.boot.library.path" value="C:\Program Files\Microsoft\jdk-21.0.3.9-hotspot\bin"/>
    <property name="sun.java.command" value="C:\Users\FREDER~1\AppData\Local\Temp\surefire12089801731432428286\surefirebooter5711081614868782142.jar C:\Users\Frederick\AppData\Local\Temp\surefire12089801731432428286 2025-08-17T14-51-34_899-jvmRun1 surefire6651996053899794448tmp surefire_06605494118860262322tmp"/>
    <property name="jdk.debug" value="release"/>
    <property name="surefire.test.class.path" value="C:\Users\Frederick\OneDrive\Work\N1\159.251\Tutorial 4\tutorial4\target\test-classes;C:\Users\Frederick\OneDrive\Work\N1\159.251\Tutorial 4\tutorial4\target\classes;C:\Users\Frederick\.m2\repository\org\junit\jupiter\junit-jupiter-engine\5.4.0\junit-jupiter-engine-5.4.0.jar;C:\Users\Frederick\.m2\repository\org\apiguardian\apiguardian-api\1.0.0\apiguardian-api-1.0.0.jar;C:\Users\Frederick\.m2\repository\org\junit\platform\junit-platform-engine\1.4.0\junit-platform-engine-1.4.0.jar;C:\Users\Frederick\.m2\repository\org\opentest4j\opentest4j\1.1.1\opentest4j-1.1.1.jar;C:\Users\Frederick\.m2\repository\org\junit\platform\junit-platform-commons\1.4.0\junit-platform-commons-1.4.0.jar;C:\Users\Frederick\.m2\repository\org\junit\jupiter\junit-jupiter-api\5.4.0\junit-jupiter-api-5.4.0.jar;C:\Users\Frederick\.m2\repository\org\junit\jupiter\junit-jupiter\6.0.0-M2\junit-jupiter-6.0.0-M2.jar;C:\Users\Frederick\.m2\repository\org\junit\jupiter\junit-jupiter-params\6.0.0-M2\junit-jupiter-params-6.0.0-M2.jar;C:\Users\Frederick\.m2\repository\org\jspecify\jspecify\1.0.0\jspecify-1.0.0.jar;"/>
    <property name="sun.cpu.endian" value="little"/>
    <property name="user.home" value="C:\Users\Frederick"/>
    <property name="user.language" value="zh"/>
    <property name="java.specification.vendor" value="Oracle Corporation"/>
    <property name="java.version.date" value="2024-04-16"/>
    <property name="java.home" value="C:\Program Files\Microsoft\jdk-21.0.3.9-hotspot"/>
    <property name="file.separator" value="\"/>
    <property name="basedir" value="C:\Users\Frederick\OneDrive\Work\N1\159.251\Tutorial 4\tutorial4"/>
    <property name="java.vm.compressedOopsMode" value="Zero based"/>
    <property name="line.separator" value="&#10;"/>
    <property name="java.vm.specification.vendor" value="Oracle Corporation"/>
    <property name="java.specification.name" value="Java Platform API Specification"/>
    <property name="surefire.real.class.path" value="C:\Users\FREDER~1\AppData\Local\Temp\surefire12089801731432428286\surefirebooter5711081614868782142.jar"/>
    <property name="user.script" value=""/>
    <property name="sun.management.compiler" value="HotSpot 64-Bit Tiered Compilers"/>
    <property name="java.runtime.version" value="21.0.3+9-LTS"/>
    <property name="user.name" value="Frederick"/>
    <property name="stdout.encoding" value="GBK"/>
    <property name="path.separator" value=";"/>
    <property name="os.version" value="10.0"/>
    <property name="java.runtime.name" value="OpenJDK Runtime Environment"/>
    <property name="file.encoding" value="UTF-8"/>
    <property name="java.vm.name" value="OpenJDK 64-Bit Server VM"/>
    <property name="java.vendor.version" value="Microsoft-9388422"/>
    <property name="localRepository" value="C:\Users\Frederick\.m2\repository"/>
    <property name="java.vendor.url.bug" value="https://github.com/microsoft/openjdk/issues"/>
    <property name="java.io.tmpdir" value="C:\Users\FREDER~1\AppData\Local\Temp\"/>
    <property name="java.version" value="21.0.3"/>
    <property name="user.dir" value="C:\Users\Frederick\OneDrive\Work\N1\159.251\Tutorial 4\tutorial4"/>
    <property name="os.arch" value="amd64"/>
    <property name="java.vm.specification.name" value="Java Virtual Machine Specification"/>
    <property name="sun.os.patch.level" value=""/>
    <property name="native.encoding" value="GBK"/>
    <property name="java.library.path" value="C:\Program Files\Microsoft\jdk-21.0.3.9-hotspot\bin;C:\WINDOWS\Sun\Java\bin;C:\WINDOWS\system32;C:\WINDOWS;D:\Program Files\apache-maven-3.9.11\bin;C:\Users\Frederick\bin;D:\Program Files\Git\mingw64\bin;D:\Program Files\Git\usr\local\bin;D:\Program Files\Git\usr\bin;D:\Program Files\Git\usr\bin;D:\Program Files\Git\mingw64\bin;D:\Program Files\Git\usr\bin;C:\Users\Frederick\bin;C:\Program Files\Microsoft\jdk-21.0.3.9-hotspot\bin;C:\Program Files (x86)\Common Files\Oracle\Java\javapath;C:\WINDOWS\system32;C:\WINDOWS;C:\WINDOWS\System32\Wbem;C:\WINDOWS\System32\WindowsPowerShell\v1.0;C:\WINDOWS\System32\OpenSSH;C:\Pro;ram Files\Bandizip;D:\Program Files\Git\cmd;D:\Program Files (x86)\Tencent\微信web开发者工具\dll;C:\Program Files (x86)\ZeroTier\One;C:\Users\Frederick\AppData\Local\Programs\Python\Python313;C:\Program Files\Docker\Docker\resources\bin;C:\Users\QLQJ\AppData\Roaming\npm;C:\Program Files\Tailscale;%NVM_HOME%;%NVM_SYMLINK%;C:\Program Files\Pandoc;C:\Program Files\dotnet;C:\Users\Frederick\.local\bin;C:\Users\Frederick\AppData\Local\Programs\Trae\bin;C:\Users\Frederick\AppData\Local\Programs\Python\Python313\Scripts;C:\Users\Frederick\AppData\Local\Programs\Python\Python313;C:\Users\Frederick\AppData\Local\Programs\Python\Launcher;C:\Users\Frederick\AppData\Local\Programs\Quarto\bin;C:\Users\Frederick\AppData\Local\pnpm;C:\Users\Frederick\.cargo\bin;C:\Scoop\apps\gcc\current\bin;C:\Scoop\shims;D:\Program Files\Microsoft VS Code\bin;C:\Users\Frederick\AppData\Roaming\npm;C:\ghcup\bin;C:\Users\Frederick\AppData\Local\Programs\Ollama;C:\Users\Frederick\.lmstudio\bin;C:\Users\Frederick\AppData\Local\GitHubDesktop\bin;C:\Users\Frederick\AppData\Local\nvm;C:\nvm4w\nodejs;D:\Program Files\Git\usr\bin\vendor_perl;D:\Program Files\Git\usr\bin\core_perl;."/>
    <property name="java.vm.info" value="mixed mode, sharing"/>
    <property name="stderr.encoding" value="GBK"/>
    <property name="java.vendor" value="Microsoft"/>
    <property name="java.vm.version" value="21.0.3+9-LTS"/>
    <property name="sun.io.unicode.encoding" value="UnicodeLittle"/>
    <property name="java.class.version" value="65.0"/>
  </properties>
  <testcase name="testAddition" classname="org.example.CalcTest" time="0.012"/>
  <testcase name="testSubtraction" classname="org.example.CalcTest" time="0.008">
    <failure message="expected: &lt;2&gt; but was: &lt;8&gt;" type="org.opentest4j.AssertionFailedError"><![CDATA[org.opentest4j.AssertionFailedError: expected: <2> but was: <8>
	at org.example.CalcTest.testSubtraction(CalcTest.java:16)
]]></failure>
  </testcase>
</testsuite>